<?xml version="1.0" encoding="UTF-8"?>
<!-- Generated by org.testng.reporters.JUnitReportReporter -->
<testsuite hostname="DESKTOP-D716IJ6" failures="0" tests="1" name="BaseClassImplemented.QueryTest" time="5.641" errors="0" timestamp="2023-03-28T15:19:49 IST" skipped="0">
  <testcase classname="BaseClassImplemented.QueryTest" name="verifyQuery" time="5.641"/>
  <system-out>
    <![CDATA[verifyQuery testscript execution started
verifyQuery  executed successfully!]]>
  </system-out>
</testsuite> <!-- BaseClassImplemented.QueryTest -->
