<?xml version="1.0" encoding="UTF-8"?>
<!-- Generated by org.testng.reporters.JUnitReportReporter -->
<testsuite hostname="DESKTOP-D716IJ6" failures="0" tests="3" name="practicePackage.DataProviderFromExcel" time="0.007" errors="0" timestamp="2023-03-23T17:22:13 IST" skipped="0">
  <testcase classname="practicePackage.DataProviderFromExcel" name="displayData" time="0.005"/>
  <system-out/>
  <testcase classname="practicePackage.DataProviderFromExcel" name="displayData" time="0.001"/>
  <system-out/>
  <testcase classname="practicePackage.DataProviderFromExcel" name="displayData" time="0.001"/>
  <system-out/>
</testsuite> <!-- practicePackage.DataProviderFromExcel -->
