<?xml version="1.0" encoding="UTF-8"?>
<!-- Generated by org.testng.reporters.JUnitReportReporter -->
<testsuite hostname="DESKTOP-D716IJ6" failures="0" tests="2" name="practicePackage.TestNGAnnotations" time="0.005" errors="0" timestamp="2023-03-23T16:12:35 IST" skipped="0">
  <testcase classname="practicePackage.TestNGAnnotations" name="executeTestscript_2" time="0.001"/>
  <system-out/>
  <testcase classname="practicePackage.TestNGAnnotations" name="executeTestscript_1" time="0.004"/>
  <system-out/>
</testsuite> <!-- practicePackage.TestNGAnnotations -->
