<?xml version="1.0" encoding="UTF-8"?>
<!-- Generated by org.testng.reporters.JUnitReportReporter -->
<testsuite hostname="DESKTOP-D716IJ6" failures="0" tests="1" name="typesOfExecutions.TS_04" time="0.003" errors="0" timestamp="2023-03-27T12:39:24 IST" skipped="0">
  <testcase classname="typesOfExecutions.TS_04" name="test_08" time="0.003"/>
  <system-out/>
</testsuite> <!-- typesOfExecutions.TS_04 -->
