<?xml version="1.0" encoding="UTF-8"?>
<!-- Generated by org.testng.reporters.JUnitReportReporter -->
<testsuite hostname="DESKTOP-D716IJ6" failures="0" tests="2" name="practicePackage.DataProviderUsingGenericLibraries" time="0.008" errors="0" timestamp="2023-03-24T10:48:18 IST" skipped="0">
  <testcase classname="practicePackage.DataProviderUsingGenericLibraries" name="printData" time="0.002"/>
  <system-out/>
  <testcase classname="practicePackage.DataProviderUsingGenericLibraries" name="printData" time="0.006"/>
  <system-out/>
</testsuite> <!-- practicePackage.DataProviderUsingGenericLibraries -->
