<?xml version="1.0" encoding="UTF-8"?>
<!-- Generated by org.testng.reporters.JUnitReportReporter -->
<testsuite hostname="DESKTOP-D716IJ6" failures="0" tests="1" name="BaseClassImplemented.AddDoctor" time="6.207" errors="0" timestamp="2023-03-24T14:55:19 IST" skipped="0">
  <testcase classname="BaseClassImplemented.AddDoctor" name="addDoctor" time="6.207"/>
  <system-out/>
</testsuite> <!-- BaseClassImplemented.AddDoctor -->
