<?xml version="1.0" encoding="UTF-8"?>
<!-- Generated by org.testng.reporters.JUnitReportReporter -->
<testsuite hostname="DESKTOP-D716IJ6" failures="0" tests="1" name="BaseClassImplemented.AppointmentCancellation" time="9.570" errors="0" timestamp="2023-03-24T15:10:06 IST" skipped="0">
  <testcase classname="BaseClassImplemented.AppointmentCancellation" name="cancelAppointment" time="9.570"/>
  <system-out/>
</testsuite> <!-- BaseClassImplemented.AppointmentCancellation -->
