<?xml version="1.0" encoding="UTF-8"?>
<!-- Generated by org.testng.reporters.JUnitReportReporter -->
<testsuite hostname="DESKTOP-D716IJ6" failures="0" tests="1" name="BaseClassImplemented.AppointmentCancellationTest" time="26.480" errors="0" timestamp="2023-03-28T15:19:49 IST" skipped="0">
  <testcase classname="BaseClassImplemented.AppointmentCancellationTest" name="cancelAppointment" time="26.480"/>
  <system-out>
    <![CDATA[cancelAppointment testscript execution started
cancelAppointment  executed successfully!]]>
  </system-out>
</testsuite> <!-- BaseClassImplemented.AppointmentCancellationTest -->
