<?xml version="1.0" encoding="UTF-8"?>
<!-- Generated by org.testng.reporters.JUnitReportReporter -->
<testsuite hostname="DESKTOP-D716IJ6" failures="0" tests="1" name="BaseClassImplemented.VerifySpecializationTest" time="25.512" errors="0" timestamp="2023-03-28T15:19:49 IST" skipped="0">
  <testcase classname="BaseClassImplemented.VerifySpecializationTest" name="verifySpecialization" time="25.512"/>
  <system-out>
    <![CDATA[verifySpecialization testscript execution started
verifySpecialization  executed successfully!]]>
  </system-out>
</testsuite> <!-- BaseClassImplemented.VerifySpecializationTest -->
