<?xml version="1.0" encoding="UTF-8"?>
<!-- Generated by org.testng.reporters.JUnitReportReporter -->
<testsuite hostname="DESKTOP-D716IJ6" failures="0" tests="1" name="BaseClassImplemented.SearchPatientTest" time="3.442" errors="0" timestamp="2023-03-28T15:19:49 IST" skipped="0">
  <testcase classname="BaseClassImplemented.SearchPatientTest" name="searchPatient" time="3.442"/>
  <system-out>
    <![CDATA[searchPatient testscript execution started
searchPatient  executed successfully!]]>
  </system-out>
</testsuite> <!-- BaseClassImplemented.SearchPatientTest -->
