<?xml version="1.0" encoding="UTF-8"?>
<!-- Generated by org.testng.reporters.JUnitReportReporter -->
<testsuite hostname="DESKTOP-D716IJ6" failures="0" tests="2" name="practicePackage.DataProviderReadClass" time="0.010" errors="0" timestamp="2023-03-23T22:36:32 IST" skipped="0">
  <testcase classname="practicePackage.DataProviderReadClass" name="readData" time="0.002"/>
  <system-out/>
  <testcase classname="practicePackage.DataProviderReadClass" name="readData" time="0.008"/>
  <system-out/>
</testsuite> <!-- practicePackage.DataProviderReadClass -->
