<?xml version="1.0" encoding="UTF-8"?>
<!-- Generated by org.testng.reporters.JUnitReportReporter -->
<testsuite hostname="DESKTOP-D716IJ6" failures="0" tests="1" name="BaseClassImplemented.ViewAppointmentByDoctor" time="8.442" errors="0" timestamp="2023-03-24T15:57:37 IST" skipped="0">
  <testcase classname="BaseClassImplemented.ViewAppointmentByDoctor" name="viewAppointment" time="8.442"/>
  <system-out/>
</testsuite> <!-- BaseClassImplemented.ViewAppointmentByDoctor -->
