<?xml version="1.0" encoding="UTF-8"?>
<!-- Generated by org.testng.reporters.JUnitReportReporter -->
<testsuite hostname="DESKTOP-D716IJ6" failures="0" tests="1" name="BaseClassImplemented.ViewAppointmentByDoctorTest" time="19.217" errors="0" timestamp="2023-03-28T15:19:49 IST" skipped="0">
  <testcase classname="BaseClassImplemented.ViewAppointmentByDoctorTest" name="viewAppointment" time="19.217"/>
  <system-out>
    <![CDATA[viewAppointment testscript execution started
viewAppointment  executed successfully!]]>
  </system-out>
</testsuite> <!-- BaseClassImplemented.ViewAppointmentByDoctorTest -->
