<?xml version="1.0" encoding="UTF-8"?>
<!-- Generated by org.testng.reporters.JUnitReportReporter -->
<testsuite hostname="DESKTOP-D716IJ6" failures="0" tests="2" name="typesOfExecutions.TS_03" time="0.012" errors="0" timestamp="2023-03-27T11:53:41 IST" skipped="0">
  <testcase classname="typesOfExecutions.TS_03" name="test_06" time="0.002"/>
  <system-out/>
  <testcase classname="typesOfExecutions.TS_03" name="test_05" time="0.010"/>
  <system-out/>
</testsuite> <!-- typesOfExecutions.TS_03 -->
