<?xml version="1.0" encoding="UTF-8"?>
<!-- Generated by org.testng.reporters.JUnitReportReporter -->
<testsuite hostname="DESKTOP-D716IJ6" failures="0" tests="1" name="BaseClassImplemented.Query" time="6.624" errors="0" timestamp="2023-03-24T15:23:13 IST" skipped="0">
  <testcase classname="BaseClassImplemented.Query" name="verifyQuery" time="6.624"/>
  <system-out/>
</testsuite> <!-- BaseClassImplemented.Query -->
