<?xml version="1.0" encoding="UTF-8"?>
<!-- Generated by org.testng.reporters.JUnitReportReporter -->
<testsuite hostname="DESKTOP-D716IJ6" failures="0" tests="1" name="practicePackage.WindowScrollInYatra" time="11.852" errors="0" timestamp="2023-03-24T11:24:42 IST" skipped="0">
  <testcase classname="practicePackage.WindowScrollInYatra" name="scrollDate" time="11.852"/>
  <system-out/>
</testsuite> <!-- practicePackage.WindowScrollInYatra -->
