<?xml version="1.0" encoding="UTF-8"?>
<!-- Generated by org.testng.reporters.JUnitReportReporter -->
<testsuite hostname="DESKTOP-D716IJ6" failures="0" tests="1" name="BaseClassImplemented.MedicalHistoryTest" time="5.095" errors="0" timestamp="2023-03-28T15:19:49 IST" skipped="0">
  <testcase classname="BaseClassImplemented.MedicalHistoryTest" name="medicalHistory" time="5.095"/>
  <system-out>
    <![CDATA[medicalHistory testscript execution started
medicalHistory  executed successfully!]]>
  </system-out>
</testsuite> <!-- BaseClassImplemented.MedicalHistoryTest -->
