<?xml version="1.0" encoding="UTF-8"?>
<!-- Generated by org.testng.reporters.JUnitReportReporter -->
<testsuite hostname="DESKTOP-D716IJ6" failures="0" tests="2" name="typesOfExecutions.Testsss" time="12.849" errors="0" timestamp="2023-03-27T15:42:05 IST" skipped="0">
  <testcase classname="typesOfExecutions.Testsss" name="test" time="5.669"/>
  <system-out/>
  <testcase classname="typesOfExecutions.Testsss" name="test1" time="7.180"/>
  <system-out/>
</testsuite> <!-- typesOfExecutions.Testsss -->
