<?xml version="1.0" encoding="UTF-8"?>
<!-- Generated by org.testng.reporters.JUnitReportReporter -->
<testsuite hostname="DESKTOP-D716IJ6" failures="0" tests="4" name="typesOfExecutions.CrossBrowser" time="18.527" errors="0" timestamp="2023-03-27T12:26:22 IST" skipped="0">
  <testcase classname="typesOfExecutions.CrossBrowser" name="google" time="2.557"/>
  <system-out/>
  <testcase classname="typesOfExecutions.CrossBrowser" name="google" time="4.416"/>
  <system-out/>
  <testcase classname="typesOfExecutions.CrossBrowser" name="facebook" time="3.788"/>
  <system-out/>
  <testcase classname="typesOfExecutions.CrossBrowser" name="facebook" time="7.766"/>
  <system-out/>
</testsuite> <!-- typesOfExecutions.CrossBrowser -->
