<?xml version="1.0" encoding="UTF-8"?>
<!-- Generated by org.testng.reporters.JUnitReportReporter -->
<testsuite hostname="DESKTOP-D716IJ6" failures="0" tests="1" name="BaseClassImplemented.AdminLogin" time="1.010" errors="0" timestamp="2023-03-24T13:18:12 IST" skipped="0">
  <testcase classname="BaseClassImplemented.AdminLogin" name="login" time="1.010"/>
  <system-out/>
</testsuite> <!-- BaseClassImplemented.AdminLogin -->
