<?xml version="1.0" encoding="UTF-8"?>
<!-- Generated by org.testng.reporters.JUnitReportReporter -->
<testsuite hostname="DESKTOP-D716IJ6" failures="0" tests="3" name="practicePackage.TestngClass1" time="0.010" errors="0" timestamp="2023-03-23T15:31:10 IST" skipped="0">
  <testcase classname="practicePackage.TestngClass1" name="delete" time="0.008"/>
  <system-out/>
  <testcase classname="practicePackage.TestngClass1" name="edit" time="0.001"/>
  <system-out/>
  <testcase classname="practicePackage.TestngClass1" name="create" time="0.001"/>
  <system-out/>
</testsuite> <!-- practicePackage.TestngClass1 -->
