<?xml version="1.0" encoding="UTF-8"?>
<!-- Generated by org.testng.reporters.JUnitReportReporter -->
<testsuite hostname="DESKTOP-D716IJ6" failures="0" tests="1" name="practicePackage.SpiceJet" time="9.358" errors="0" timestamp="2023-03-29T17:26:42 IST" skipped="0">
  <testcase classname="practicePackage.SpiceJet" name="selectDate" time="9.358"/>
  <system-out/>
</testsuite> <!-- practicePackage.SpiceJet -->
