<?xml version="1.0" encoding="UTF-8"?>
<!-- Generated by org.testng.reporters.JUnitReportReporter -->
<testsuite hostname="DESKTOP-D716IJ6" failures="0" tests="1" name="BaseClassImplemented.MedicalHistory" time="3.940" errors="0" timestamp="2023-03-24T15:16:30 IST" skipped="0">
  <testcase classname="BaseClassImplemented.MedicalHistory" name="medicalHistory" time="3.940"/>
  <system-out/>
</testsuite> <!-- BaseClassImplemented.MedicalHistory -->
