<?xml version="1.0" encoding="UTF-8"?>
<!-- Generated by org.testng.reporters.JUnitReportReporter -->
<testsuite hostname="DESKTOP-D716IJ6" failures="0" tests="1" name="BaseClassImplemented.SearchPatient" time="5.042" errors="0" timestamp="2023-03-24T15:32:36 IST" skipped="0">
  <testcase classname="BaseClassImplemented.SearchPatient" name="searchPatient" time="5.042"/>
  <system-out/>
</testsuite> <!-- BaseClassImplemented.SearchPatient -->
