<?xml version="1.0" encoding="UTF-8"?>
<!-- Generated by org.testng.reporters.JUnitReportReporter -->
<testsuite hostname="DESKTOP-D716IJ6" failures="0" tests="1" name="BaseClassImplemented.VerifySpecialization" time="20.828" errors="0" timestamp="2023-03-24T16:07:50 IST" skipped="0">
  <testcase classname="BaseClassImplemented.VerifySpecialization" name="verifySpecialization" time="20.828"/>
  <system-out/>
</testsuite> <!-- BaseClassImplemented.VerifySpecialization -->
