<?xml version="1.0" encoding="UTF-8"?>
<!-- Generated by org.testng.reporters.JUnitReportReporter -->
<testsuite hostname="DESKTOP-D716IJ6" failures="0" tests="1" name="typesOfExecutions.TS_02" time="0.002" errors="0" timestamp="2023-03-27T12:39:24 IST" skipped="0">
  <testcase classname="typesOfExecutions.TS_02" name="test_04" time="0.002"/>
  <system-out/>
</testsuite> <!-- typesOfExecutions.TS_02 -->
